<?xml version="1.0" encoding="UTF-8"?>
<testng-results skipped="0" failed="0" total="0" passed="0">
  <reporter-output>
  </reporter-output>
  <suite name="xeCurrency_pro.RunnerTest" duration-ms="1" started-at="2022-12-05T14:47:51Z" finished-at="2022-12-05T14:47:51Z">
    <groups>
    </groups>
    <test name="Command line test" duration-ms="1" started-at="2022-12-05T14:47:51Z" finished-at="2022-12-05T14:47:51Z">
    </test> <!-- Command line test -->
  </suite> <!-- xeCurrency_pro.RunnerTest -->
</testng-results>
